<?xml version="1.0" encoding="UTF-8"?>
<!-- Generated by org.testng.reporters.JUnitReportReporter -->
<testsuite hostname="venkatas-MBP" failures="0" tests="10" name="apitesting.ApiTestsGET" time="2.359" errors="0" timestamp="22 Apr 2020 13:46:01 GMT" skipped="0">
  <testcase classname="apitesting.ApiTestsGET" name="getCreateNewDeckOfCards02" time="0.215"/>
  <testcase classname="apitesting.ApiTestsGET" name="getDrawOneOrMoreCards04" time="0.518"/>
  <testcase classname="apitesting.ApiTestsGET" name="getDrawOneOrMoreCards03" time="0.261"/>
  <testcase classname="apitesting.ApiTestsGET" name="getCreateNewDeckOfCards01" time="0.218"/>
  <testcase classname="apitesting.ApiTestsGET" name="getDrawOneOrMoreCards10" time="0.166"/>
  <testcase classname="apitesting.ApiTestsGET" name="getDrawOneOrMoreCards05" time="0.217"/>
  <testcase classname="apitesting.ApiTestsGET" name="getDrawOneOrMoreCards06" time="0.212"/>
  <testcase classname="apitesting.ApiTestsGET" name="getDrawOneOrMoreCards07" time="0.229"/>
  <testcase classname="apitesting.ApiTestsGET" name="getDrawOneOrMoreCards08" time="0.162"/>
  <testcase classname="apitesting.ApiTestsGET" name="getDrawOneOrMoreCards09" time="0.161"/>
</testsuite> <!-- apitesting.ApiTestsGET -->
