<?xml version="1.0" encoding="UTF-8"?>
<!-- Generated by org.testng.reporters.JUnitReportReporter -->
<testsuite hostname="venkatas-MBP" failures="0" tests="2" name="apitesting.ApiTestsPOST" time="3.349" errors="0" timestamp="22 Apr 2020 13:46:01 GMT" skipped="0">
  <testcase classname="apitesting.ApiTestsPOST" name="postCreateNewDeckOfCardsTest01" time="3.057"/>
  <testcase classname="apitesting.ApiTestsPOST" name="postCreateNewDeckOfCardsTest02" time="0.292"/>
</testsuite> <!-- apitesting.ApiTestsPOST -->
