<?xml version="1.0" encoding="UTF-8"?>
<!-- Generated by org.testng.reporters.JUnitReportReporter -->
<testsuite hostname="venkatas-MBP" failures="0" tests="1" name="apitesting.SampleClass" time="2.705" errors="0" timestamp="22 Apr 2020 02:29:08 GMT" skipped="0">
  <testcase classname="apitesting.SampleClass" name="getDrawOneOrMoreCards" time="2.705"/>
</testsuite> <!-- apitesting.SampleClass -->
